2022-07-30 23:08:25,289 - [custom_log.py --> line:61] - INFO : case_name:get_cmdopts
2022-07-30 23:08:25,289 - [custom_log.py --> line:62] - INFO : 
method:post
url:/WoniuSales_20180508_V1.4_bin/user/login
data:{'username': 'lm', 'password': 'LiuM123', 'verifycode': '0000'}
headers:None
host:None
2022-07-30 23:08:25,305 - [custom_log.py --> line:64] - INFO : response:login-pass
2022-07-30 23:08:25,305 - [custom_log.py --> line:61] - INFO : case_name:get_cmdopts
2022-07-30 23:08:25,305 - [custom_log.py --> line:62] - INFO : 
method:post
url:/WoniuSales_20180508_V1.4_bin/user/login
data:{'username': 'liuchan', 'password': 'LiuC456', 'verifycode': '0000'}
headers:None
host:None
2022-07-30 23:08:25,322 - [custom_log.py --> line:64] - INFO : response:login-pass
2022-07-30 23:08:25,322 - [custom_log.py --> line:61] - INFO : case_name:get_cmdopts
2022-07-30 23:08:25,322 - [custom_log.py --> line:62] - INFO : 
method:post
url:/WoniuSales_20180508_V1.4_bin/user/login
data:{'username': 'dy', 'password': 'DY123', 'verifycode': '0000'}
headers:None
host:None
2022-07-30 23:08:25,322 - [custom_log.py --> line:64] - INFO : response:login-pass
2022-07-30 23:08:25,322 - [custom_log.py --> line:61] - INFO : case_name:get_cmdopts
2022-07-30 23:08:25,322 - [custom_log.py --> line:62] - INFO : 
method:post
url:/WoniuSales_20180508_V1.4_bin/user/login
data:{'username': 'wangwu', 'password': 'ww123', 'verifycode': '0000'}
headers:None
host:None
2022-07-30 23:08:25,337 - [custom_log.py --> line:64] - INFO : response:login-pass
2022-07-30 23:08:25,337 - [custom_log.py --> line:61] - INFO : case_name:get_cmdopts
2022-07-30 23:08:25,337 - [custom_log.py --> line:62] - INFO : 
method:post
url:/WoniuSales_20180508_V1.4_bin/user/login
data:{'username': 'admin', 'password': 'Milor123', 'verifycode': '0000'}
headers:None
host:None
2022-07-30 23:08:25,337 - [custom_log.py --> line:64] - INFO : response:login-pass
