2022-07-31 10:11:05,179 - [custom_log.py --> line:61] - INFO : case_name:get_cmdopts
2022-07-31 10:11:05,179 - [custom_log.py --> line:62] - INFO : 
method:post
url:/WoniuSales_20180508_V1.4_bin/user/login
data:{'username': 'lm', 'password': 'LiuM123', 'verifycode': '0000'}
headers:None
host:None
2022-07-31 10:11:05,368 - [custom_log.py --> line:64] - INFO : response:login-pass
2022-07-31 10:11:05,368 - [custom_log.py --> line:61] - INFO : case_name:get_cmdopts
2022-07-31 10:11:05,368 - [custom_log.py --> line:62] - INFO : 
method:post
url:/WoniuSales_20180508_V1.4_bin/user/login
data:{'username': 'liuchan', 'password': 'LiuC456', 'verifycode': '0000'}
headers:None
host:None
2022-07-31 10:11:05,368 - [custom_log.py --> line:64] - INFO : response:login-pass
2022-07-31 10:11:05,384 - [custom_log.py --> line:61] - INFO : case_name:get_cmdopts
2022-07-31 10:11:05,384 - [custom_log.py --> line:62] - INFO : 
method:post
url:/WoniuSales_20180508_V1.4_bin/user/login
data:{'username': 'dy', 'password': 'DY123', 'verifycode': '0000'}
headers:None
host:None
2022-07-31 10:11:05,387 - [custom_log.py --> line:64] - INFO : response:login-pass
2022-07-31 10:11:05,387 - [custom_log.py --> line:61] - INFO : case_name:get_cmdopts
2022-07-31 10:11:05,387 - [custom_log.py --> line:62] - INFO : 
method:post
url:/WoniuSales_20180508_V1.4_bin/user/login
data:{'username': 'wangwu', 'password': 'ww123', 'verifycode': '0000'}
headers:None
host:None
2022-07-31 10:11:05,387 - [custom_log.py --> line:64] - INFO : response:login-pass
2022-07-31 10:11:05,387 - [custom_log.py --> line:61] - INFO : case_name:get_cmdopts
2022-07-31 10:11:05,387 - [custom_log.py --> line:62] - INFO : 
method:post
url:/WoniuSales_20180508_V1.4_bin/user/login
data:{'username': 'admin', 'password': 'Milor123', 'verifycode': '0000'}
headers:None
host:None
2022-07-31 10:11:05,403 - [custom_log.py --> line:64] - INFO : response:login-pass
